{"/home/derek/projects/advent-of-js/challenge-2/app.js": {"path":"/home/derek/projects/advent-of-js/challenge-2/app.js","statementMap":{"0":{"start":{"line":1,"column":18},"end":{"line":44,"column":1}},"1":{"start":{"line":46,"column":19},"end":{"line":46,"column":34}},"2":{"start":{"line":46,"column":29},"end":{"line":46,"column":34}}},"fnMap":{"0":{"name":"(anonymous_0)","decl":{"start":{"line":46,"column":19},"end":{"line":46,"column":20}},"loc":{"start":{"line":46,"column":29},"end":{"line":46,"column":34}},"line":46}},"branchMap":{},"s":{"0":1,"1":1,"2":1},"f":{"0":1},"b":{},"_coverageSchema":"1a1c01bbd47fc00a2c39e90264f33305004495a9","hash":"31086cb95cb34517f9cc3d55e6779f2bc3e3e6e0"}
}
